Apriltag internal config
  target_type: apriltag_internal
  tagFamily: t36h11
  tagId: 1
  tagSize: 0.15625
  blackBorderBits: 2
  minVisiblePoints: 12
  internal_projection_mode: virtual_pinhole_patch

Outer wrapper scale plan
  original longest-side: 4512
  scale mode: scale_divisors
  divisor -> target: /1.00->4512, /1.50->3008, /2.00->2256, /2.50->1805, /3.50->1289, /4.50->1003, /6.00->752, /8.00->564, /12.00->376
  attempted target longest-sides: [4512, 3008, 2256, 1805, 1289, 1003, 752, 564, 376]

Outer wrapper per-scale debug
  scale longest-side=4512 divisor=1 factor=1 size=4512x4512 raw=0 matching=0 accepted=0 refined_success=0 fused=no
  scale longest-side=3008 divisor=1.5 factor=0.666667 size=3008x3008 raw=0 matching=0 accepted=0 refined_success=0 fused=no
  scale longest-side=2256 divisor=2 factor=0.5 size=2256x2256 raw=1 matching=1 accepted=1 refined_success=1 fused=yes
  scale longest-side=1805 divisor=2.5 factor=0.400044 size=1805x1805 raw=1 matching=1 accepted=1 refined_success=0 fused=yes
  scale longest-side=1289 divisor=3.5 factor=0.285683 size=1289x1289 raw=1 matching=1 accepted=1 refined_success=0 fused=yes
  scale longest-side=1003 divisor=4.5 factor=0.222296 size=1003x1003 raw=1 matching=1 accepted=1 refined_success=0 fused=yes
  scale longest-side=752 divisor=6 factor=0.166667 size=752x752 raw=1 matching=1 accepted=1 refined_success=0 fused=yes
  scale longest-side=564 divisor=8 factor=0.125 size=564x564 raw=1 matching=1 accepted=1 refined_success=0 fused=yes
  scale longest-side=376 divisor=12 factor=0.0833333 size=376x376 raw=1 matching=1 accepted=1 refined_success=0 fused=yes

Detection summary
  tag detected: yes
  valid observation: no
  outer wrapper success: yes
  outer failure reason: None
  outer scale mode: scale_divisors
  outer chosen/reference scale: 2256
  outer used corner fusion: yes
  outer quality: 0.568078
  projection mode: virtual_pinhole_patch
  expected visible points: 37
  valid points: 0
  valid internal points: 0
  output image: /Users/linzhaoxian/lzx-ws/project/calibr/tartancalib/result/detect_batch_20260416_160015/image1-2_detected_20260416_1600.png
  canonical view image: /Users/linzhaoxian/lzx-ws/project/calibr/tartancalib/result/detect_batch_20260416_160015/image1-2_apriltag_internal_canonical_20260416_1600.png

Outer corner multi-scale fusion debug
  corner=0 scales=7 inliers=5 outliers=2 reject=yes stable=yes avg_before=2.62911 max_before=4.51785 avg_after=1.78409 max_after=2.63073 threshold=4.10584 consensus=(873.369, 2567.48) fused=(873.771, 2567.39)
    observations: [2256 (869.03, 2568.73) dc=4.51785 df=4.92913 outlier] [1805 (871.395, 2568.52) dc=2.23084 df=2.63073 inlier] [1289 (875.77, 2568.04) dc=2.46627 df=2.10293 inlier] [1003 (874.989, 2567.48) dc=1.61987 df=1.22116 inlier] [752 (874.472, 2566.66) dc=1.3737 df=1.01099 inlier] [564 (873.369, 2565.47) dc=2.00293 df=1.95464 inlier] [376 (871.418, 2563.76) dc=4.19232 df=4.31798 outlier]
  corner=1 scales=7 inliers=6 outliers=1 reject=yes stable=no avg_before=2.45462 max_before=4.88442 avg_after=2.12857 max_after=4.10495 threshold=4.83009 consensus=(1416.39, 2584.32) fused=(1416.24, 2584.55)
    observations: [2256 (1418.27, 2585.69) dc=2.32277 df=2.32731 inlier] [1805 (1412.17, 2585.1) dc=4.29395 df=4.10495 inlier] [1289 (1417.93, 2584.9) dc=1.6411 df=1.72496 inlier] [1003 (1417.39, 2584.32) dc=0.993164 df=1.17074 inlier] [752 (1416.39, 2583.36) dc=0.95752 df=1.19919 inlier] [564 (1415.49, 2582.44) dc=2.08943 df=2.24426 inlier] [376 (1414.25, 2579.93) dc=4.88442 df=5.0304 outlier]
  corner=2 scales=7 inliers=7 outliers=0 reject=no stable=no avg_before=2.29914 max_before=5.58285 avg_after=2.37296 max_after=5.87202 threshold=6.36797 consensus=(1433.82, 1996.32) fused=(1434.25, 1996.3)
    observations: [2256 (1435.3, 1998.12) dc=2.32646 df=2.09873 inlier] [1805 (1437.69, 1997.75) dc=4.12509 df=3.73884 inlier] [1289 (1434.25, 1996.89) dc=0.709852 df=0.583417 inlier] [1003 (1433.82, 1996.32) dc=0 df=0.422628 inlier] [752 (1433.31, 1995.5) dc=0.966244 df=1.23188 inlier] [564 (1432.29, 1994.5) dc=2.3835 df=2.66321 inlier] [376 (1429.94, 1992.31) dc=5.58285 df=5.87202 inlier]
  corner=3 scales=7 inliers=7 outliers=0 reject=no stable=no avg_before=2.68585 max_before=5.73844 avg_after=2.87628 max_after=6.30415 threshold=7.60706 consensus=(931.852, 1975.37) fused=(932.636, 1975.31)
    observations: [2256 (936.235, 1977.1) dc=4.70944 df=4.01659 inlier] [1805 (935.119, 1976.59) dc=3.48736 df=2.79366 inlier] [1289 (932.185, 1975.95) dc=0.663718 df=0.778835 inlier] [1003 (931.852, 1975.37) dc=0 df=0.786532 inlier] [752 (930.696, 1974.54) dc=1.42428 df=2.08786 inlier] [564 (929.795, 1973.5) dc=2.77769 df=3.36632 inlier] [376 (927.603, 1971.51) dc=5.73844 df=6.30415 inlier]

Outer corner verification debug
  corner=0 pass=yes refined_valid=yes local_scale=542.739 roi_radius=27 candidate_radius=12 branch_radius=5 coarse=(873.771, 2567.39) verified=(879.771, 2577.39) subpix=(879.771, 2577.39) d_cv=11.6619 d_cs=11.6619 d_cr=11.6619 refine_gate=27 dir=0.997926 layout=1 Q=0.997926 reason=pass
  corner=1 pass=yes refined_valid=yes local_scale=542.739 roi_radius=27 candidate_radius=12 branch_radius=5 coarse=(1416.24, 2584.55) verified=(1418.24, 2592.55) subpix=(1418.24, 2592.55) d_cv=8.24621 d_cs=8.24621 d_cr=8.24621 refine_gate=27 dir=0.999473 layout=1 Q=0.999473 reason=pass
  corner=2 pass=yes refined_valid=yes local_scale=502.049 roi_radius=25 candidate_radius=11 branch_radius=5 coarse=(1434.25, 1996.3) verified=(1435.25, 1989.3) subpix=(1435.25, 1989.3) d_cv=7.07107 d_cs=7.07107 d_cr=7.07107 refine_gate=25 dir=0.999407 layout=1 Q=0.999407 reason=pass
  corner=3 pass=yes refined_valid=yes local_scale=502.049 roi_radius=25 candidate_radius=11 branch_radius=5 coarse=(932.636, 1975.31) verified=(939.636, 1968.31) subpix=(939.636, 1968.31) d_cv=9.8995 d_cs=9.8995 d_cr=9.8995 refine_gate=25 dir=0.899248 layout=1 Q=0.899248 reason=pass

Internal corner debug
  id=26 type=l_corner valid=no image_valid=yes predicted=(1075.05, 2457.36) refined=(1089.35, 2451.76) q_refine=0 template_quality=0.495751 gradient_quality=0.494739 final_quality=0 image_template_quality=0.993571 image_gradient_quality=0.49998 image_centering_quality=0.494778 image_final_quality=0.494778
  id=27 type=l_corner valid=no image_valid=yes predicted=(1128.5, 2459.99) refined=(1141.59, 2453.23) q_refine=0 template_quality=0.49682 gradient_quality=0.49364 final_quality=0 image_template_quality=0.995721 image_gradient_quality=0.495669 image_centering_quality=0.49839 image_final_quality=0.495669
  id=29 type=l_corner valid=no image_valid=yes predicted=(1240.08, 2464.4) refined=(1252.58, 2456.99) q_refine=0 template_quality=0.496647 gradient_quality=0.494907 final_quality=0 image_template_quality=0.991127 image_gradient_quality=0.499656 image_centering_quality=0.494862 image_final_quality=0.494862
  id=30 type=l_corner valid=no image_valid=yes predicted=(1297.93, 2466.12) refined=(1307.69, 2458.01) q_refine=0 template_quality=0.497549 gradient_quality=0.495097 final_quality=0 image_template_quality=0.995167 image_gradient_quality=0.499969 image_centering_quality=0.49566 image_final_quality=0.49566
  id=35 type=l_corner valid=no image_valid=yes predicted=(975.513, 2388.11) refined=(988.624, 2385.84) q_refine=0 template_quality=0.495443 gradient_quality=0.49238 final_quality=0 image_template_quality=0.995235 image_gradient_quality=0.492525 image_centering_quality=0.688064 image_final_quality=0.492525
  id=36 type=l_corner valid=no image_valid=yes predicted=(1025.19, 2390.85) refined=(1038.01, 2387.66) q_refine=0 template_quality=0.479167 gradient_quality=0.474923 final_quality=0 image_template_quality=0.993674 image_gradient_quality=0.493837 image_centering_quality=0.836775 image_final_quality=0.493837
  id=38 type=l_corner valid=no image_valid=yes predicted=(1129.73, 2395.82) refined=(1143.89, 2392.41) q_refine=0 template_quality=0.492304 gradient_quality=0.484609 final_quality=0 image_template_quality=0.928248 image_gradient_quality=0.50161 image_centering_quality=0.486448 image_final_quality=0.486448
  id=39 type=l_corner valid=no image_valid=yes predicted=(1184.42, 2397.99) refined=(1196.87, 2393.43) q_refine=0 template_quality=0.496944 gradient_quality=0.493887 final_quality=0 image_template_quality=0.961986 image_gradient_quality=0.505114 image_centering_quality=0.489333 image_final_quality=0.489333
  id=46 type=l_corner valid=no image_valid=yes predicted=(979.148, 2325.62) refined=(992.269, 2326.13) q_refine=0 template_quality=0.477816 gradient_quality=0.475212 final_quality=0 image_template_quality=0.979563 image_gradient_quality=0.489768 image_centering_quality=0.890883 image_final_quality=0.489768
  id=47 type=x_corner valid=no image_valid=yes predicted=(1028.52, 2328) refined=(1041.78, 2327.04) q_refine=0 template_quality=0.978386 gradient_quality=0.956772 final_quality=0 image_template_quality=0.98457 image_gradient_quality=0.969139 image_centering_quality=0.498536 image_final_quality=0.498536
  id=48 type=l_corner valid=no image_valid=yes predicted=(1079.61, 2330.26) refined=(1093.43, 2329.08) q_refine=0 template_quality=0.48899 gradient_quality=0.480043 final_quality=0 image_template_quality=0.521798 image_gradient_quality=0.520581 image_centering_quality=0.467469 image_final_quality=0.467469
  id=49 type=l_corner valid=no image_valid=yes predicted=(1132.34, 2332.41) refined=(1145.68, 2331.21) q_refine=0 template_quality=0.502437 gradient_quality=0.504875 final_quality=0 image_template_quality=0.729717 image_gradient_quality=0.580062 image_centering_quality=0.432851 image_final_quality=0.432851
  id=50 type=l_corner valid=no image_valid=yes predicted=(1186.63, 2334.41) refined=(1199.43, 2333.02) q_refine=0 template_quality=0.500113 gradient_quality=0.500227 final_quality=0 image_template_quality=0.999073 image_gradient_quality=0.500618 image_centering_quality=0.499762 image_final_quality=0.499762
  id=51 type=l_corner valid=no image_valid=yes predicted=(1242.34, 2336.25) refined=(1254.87, 2335.52) q_refine=0 template_quality=0.50045 gradient_quality=0.5009 final_quality=0 image_template_quality=0.999186 image_gradient_quality=0.50116 image_centering_quality=0.499292 image_final_quality=0.499292
  id=52 type=l_corner valid=no image_valid=yes predicted=(1299.33, 2337.94) refined=(1309.78, 2336.76) q_refine=0 template_quality=0.499444 gradient_quality=0.498889 final_quality=0 image_template_quality=0.9988 image_gradient_quality=0.499967 image_centering_quality=0.499282 image_final_quality=0.499282
  id=57 type=l_corner valid=no image_valid=yes predicted=(984.171, 2264.07) refined=(996.648, 2264.56) q_refine=0 template_quality=0.489101 gradient_quality=0.489246 final_quality=0 image_template_quality=0.99552 image_gradient_quality=0.499824 image_centering_quality=0.497025 image_final_quality=0.497025
  id=58 type=l_corner valid=no image_valid=yes predicted=(1033.21, 2266.09) refined=(1046.31, 2266.94) q_refine=0 template_quality=0.472079 gradient_quality=0.461916 final_quality=0 image_template_quality=0.974393 image_gradient_quality=0.495776 image_centering_quality=0.487716 image_final_quality=0.487716
  id=60 type=l_corner valid=no image_valid=yes predicted=(1136.26, 2269.97) refined=(1149.53, 2271.04) q_refine=0 template_quality=0.50069 gradient_quality=0.501379 final_quality=0 image_template_quality=0.845622 image_gradient_quality=0.60298 image_centering_quality=0.412888 image_final_quality=0.412888
  id=61 type=l_corner valid=no image_valid=yes predicted=(1190.1, 2271.81) refined=(1201.92, 2271.92) q_refine=0 template_quality=0.495444 gradient_quality=0.494444 final_quality=0 image_template_quality=0.974639 image_gradient_quality=0.49998 image_centering_quality=0.494395 image_final_quality=0.494395
  id=68 type=l_corner valid=no image_valid=yes predicted=(990.495, 2203.64) refined=(1002.61, 2206.77) q_refine=0 template_quality=0.473018 gradient_quality=0.468654 final_quality=0 image_template_quality=0.805101 image_gradient_quality=0.499919 image_centering_quality=0.486698 image_final_quality=0.486698
  id=69 type=l_corner valid=no image_valid=yes predicted=(1039.18, 2205.33) refined=(1051.14, 2207.09) q_refine=0 template_quality=0.481264 gradient_quality=0.464217 final_quality=0 image_template_quality=0.988293 image_gradient_quality=0.484234 image_centering_quality=0.493461 image_final_quality=0.484234
  id=70 type=l_corner valid=no image_valid=yes predicted=(1089.51, 2207.02) refined=(1101.96, 2209.73) q_refine=0 template_quality=0.498746 gradient_quality=0.497491 final_quality=0 image_template_quality=0.983654 image_gradient_quality=0.505247 image_centering_quality=0.497262 image_final_quality=0.497262
  id=71 type=l_corner valid=no image_valid=yes predicted=(1141.4, 2208.71) refined=(1153.65, 2210.97) q_refine=0 template_quality=0.497933 gradient_quality=0.495866 final_quality=0 image_template_quality=0.805889 image_gradient_quality=0.559697 image_centering_quality=0.436094 image_final_quality=0.436094
  id=72 type=l_corner valid=no image_valid=yes predicted=(1194.77, 2210.39) refined=(1207.31, 2213.6) q_refine=0 template_quality=0.495169 gradient_quality=0.490338 final_quality=0 image_template_quality=0.759138 image_gradient_quality=0.592484 image_centering_quality=0.417398 image_final_quality=0.417398
  id=74 type=l_corner valid=no image_valid=yes predicted=(1305.41, 2213.7) refined=(1314.86, 2216.56) q_refine=0 template_quality=0.496832 gradient_quality=0.496094 final_quality=0 image_template_quality=0.995459 image_gradient_quality=0.49999 image_centering_quality=0.496768 image_final_quality=0.496768
  id=79 type=l_corner valid=no image_valid=yes predicted=(998.028, 2144.48) refined=(1009.31, 2147.56) q_refine=0 template_quality=0.481192 gradient_quality=0.479022 final_quality=0 image_template_quality=0.99378 image_gradient_quality=0.5 image_centering_quality=0.836052 image_final_quality=0.5
  id=80 type=l_corner valid=no image_valid=yes predicted=(1046.34, 2145.85) refined=(1058.34, 2149.48) q_refine=0 template_quality=0.474109 gradient_quality=0.452721 final_quality=0 image_template_quality=0.733462 image_gradient_quality=0.5 image_centering_quality=0.490198 image_final_quality=0.490198
  id=84 type=l_corner valid=no image_valid=yes predicted=(1254.69, 2151.91) refined=(1265.45, 2157.33) q_refine=0 template_quality=0.501983 gradient_quality=0.503966 final_quality=0 image_template_quality=0.981892 image_gradient_quality=0.507389 image_centering_quality=0.491043 image_final_quality=0.491043
  id=85 type=l_corner valid=no image_valid=yes predicted=(1310.03, 2153.54) refined=(1319.45, 2159.77) q_refine=0 template_quality=0.498312 gradient_quality=0.496624 final_quality=0 image_template_quality=0.99493 image_gradient_quality=0.498147 image_centering_quality=0.499563 image_final_quality=0.498147
  id=90 type=l_corner valid=no image_valid=yes predicted=(1006.67, 2086.72) refined=(1017.44, 2091.98) q_refine=0 template_quality=0.456501 gradient_quality=0.453125 final_quality=0 image_template_quality=0.992296 image_gradient_quality=0.498419 image_centering_quality=0.495933 image_final_quality=0.495933
  id=92 type=l_corner valid=no image_valid=yes predicted=(1104.05, 2089.02) refined=(1115.22, 2094.66) q_refine=0 template_quality=0.501902 gradient_quality=0.503804 final_quality=0 image_template_quality=0.997386 image_gradient_quality=0.504258 image_centering_quality=0.498292 image_final_quality=0.498292
  id=93 type=l_corner valid=no image_valid=yes predicted=(1154.99, 2090.33) refined=(1166.87, 2097.1) q_refine=0 template_quality=0.499595 gradient_quality=0.499189 final_quality=0 image_template_quality=0.994685 image_gradient_quality=0.500751 image_centering_quality=0.498722 image_final_quality=0.498722
  id=95 type=l_corner valid=no image_valid=yes predicted=(1260.87, 2093.27) refined=(1271.08, 2100.92) q_refine=0 template_quality=0.49702 gradient_quality=0.499729 final_quality=0 image_template_quality=0.99316 image_gradient_quality=0.49999 image_centering_quality=0.498312 image_final_quality=0.498312

Internal summary
  total internal points: 33
  legacy valid internal points: 0
  image-evidence internal points: 33
  avg q_refine: 0
  avg legacy template_quality: 0.506338
  avg legacy gradient_quality: 0.502695
  avg legacy final_quality: 0
  avg image template_quality: 0.935659
  avg image gradient_quality: 0.524204
  avg image centering_quality: 0.524249
  avg image final_quality: 0.485188
  avg predicted->refined displacement: 12.823
  LCorner valid: 0/32
  XCorner valid: 0/1
