Apriltag internal config
  target_type: apriltag_internal
  tagFamily: t36h11
  tagId: 1
  tagSize: 0.15625
  blackBorderBits: 2
  minVisiblePoints: 12
  internal_projection_mode: virtual_pinhole_patch

Outer wrapper scale plan
  original longest-side: 4512
  scale mode: scale_divisors
  divisor -> target: /1.00->4512, /1.50->3008, /2.00->2256, /2.50->1805, /3.50->1289, /4.50->1003, /6.00->752, /8.00->564, /12.00->376
  attempted target longest-sides: [4512, 3008, 2256, 1805, 1289, 1003, 752, 564, 376]

Outer wrapper per-scale debug
  scale longest-side=4512 divisor=1 factor=1 size=4512x4512 raw=0 matching=0 accepted=0 refined_success=0 fused=no
  scale longest-side=3008 divisor=1.5 factor=0.666667 size=3008x3008 raw=0 matching=0 accepted=0 refined_success=0 fused=no
  scale longest-side=2256 divisor=2 factor=0.5 size=2256x2256 raw=0 matching=0 accepted=0 refined_success=0 fused=no
  scale longest-side=1805 divisor=2.5 factor=0.400044 size=1805x1805 raw=1 matching=1 accepted=1 refined_success=1 fused=yes
  scale longest-side=1289 divisor=3.5 factor=0.285683 size=1289x1289 raw=1 matching=1 accepted=1 refined_success=0 fused=yes
  scale longest-side=1003 divisor=4.5 factor=0.222296 size=1003x1003 raw=1 matching=1 accepted=1 refined_success=0 fused=yes
  scale longest-side=752 divisor=6 factor=0.166667 size=752x752 raw=1 matching=1 accepted=1 refined_success=0 fused=yes
  scale longest-side=564 divisor=8 factor=0.125 size=564x564 raw=1 matching=1 accepted=1 refined_success=0 fused=yes
  scale longest-side=376 divisor=12 factor=0.0833333 size=376x376 raw=1 matching=1 accepted=1 refined_success=0 fused=yes

Detection summary
  tag detected: yes
  valid observation: no
  outer wrapper success: yes
  outer failure reason: None
  outer scale mode: scale_divisors
  outer chosen/reference scale: 1805
  outer used corner fusion: yes
  outer quality: 0.548387
  projection mode: virtual_pinhole_patch
  expected visible points: 37
  valid points: 0
  valid internal points: 0
  output image: /Users/linzhaoxian/lzx-ws/project/calibr/tartancalib/result/detect_batch_20260416_160015/image3-1_detected_20260416_1601.png
  canonical view image: /Users/linzhaoxian/lzx-ws/project/calibr/tartancalib/result/detect_batch_20260416_160015/image3-1_apriltag_internal_canonical_20260416_1601.png

Outer corner multi-scale fusion debug
  corner=0 scales=6 inliers=5 outliers=1 reject=yes stable=yes avg_before=1.80651 max_before=4.63416 avg_after=1.16201 max_after=2.35156 threshold=3.41572 consensus=(1785.5, 2922.36) fused=(1785.89, 2922.57)
    observations: [1805 (1787.07, 2923.5) dc=1.93718 df=1.49945 inlier] [1289 (1786.47, 2922.99) dc=1.15778 df=0.717489 inlier] [1003 (1785.92, 2922.78) dc=0.593109 df=0.216873 inlier] [752 (1785.08, 2921.94) dc=0.593194 df=1.02467 inlier] [564 (1784.14, 2921) dc=1.92367 df=2.35156 inlier] [376 (1782.14, 2919.16) dc=4.63416 df=5.06251 outlier]
  corner=1 scales=6 inliers=5 outliers=1 reject=yes stable=yes avg_before=1.88889 max_before=4.60364 avg_after=1.24367 max_after=2.46778 threshold=3.8119 consensus=(2446.01, 2917.22) fused=(2446.42, 2917.63)
    observations: [1805 (2447.59, 2919.04) dc=2.40833 df=1.82726 inlier] [1289 (2447, 2917.95) dc=1.22811 df=0.658461 inlier] [1003 (2446.49, 2917.59) dc=0.604091 df=0.0804465 inlier] [752 (2445.54, 2916.85) dc=0.604091 df=1.18437 inlier] [564 (2444.72, 2915.85) dc=1.88508 df=2.46778 inlier] [376 (2442.86, 2913.86) dc=4.60364 df=5.18629 outlier]
  corner=2 scales=6 inliers=5 outliers=1 reject=yes stable=yes avg_before=1.90487 max_before=4.96075 avg_after=1.22374 max_after=2.45911 threshold=3.67706 consensus=(2439.35, 2287.76) fused=(2439.56, 2288.26)
    observations: [1805 (2440.39, 2289.63) dc=2.13579 df=1.60214 inlier] [1289 (2440.16, 2288.84) dc=1.34888 df=0.83663 inlier] [1003 (2439.7, 2288.14) dc=0.515196 df=0.18374 inlier] [752 (2439, 2287.38) dc=0.514851 df=1.03709 inlier] [564 (2437.96, 2286.39) dc=1.95375 df=2.45911 inlier] [376 (2435.79, 2284.31) dc=4.96075 df=5.45972 outlier]
  corner=3 scales=6 inliers=5 outliers=1 reject=yes stable=yes avg_before=2.06337 max_before=5.05385 avg_after=1.36578 max_after=2.77249 threshold=4.20943 consensus=(1802.94, 2261.9) fused=(1803.42, 2262.28)
    observations: [1805 (1804.87, 2263.56) dc=2.54135 df=1.92653 inlier] [1289 (1803.95, 2262.89) dc=1.41342 df=0.803996 inlier] [1003 (1803.34, 2262.35) dc=0.604384 df=0.11114 inlier] [752 (1802.54, 2261.44) dc=0.6042 df=1.21473 inlier] [564 (1801.48, 2260.3) dc=2.16301 df=2.77249 inlier] [376 (1799.37, 2258.32) dc=5.05385 df=5.66558 outlier]

Outer corner verification debug
  corner=0 pass=yes refined_valid=yes local_scale=660.521 roi_radius=33 candidate_radius=15 branch_radius=7 coarse=(1785.89, 2922.57) verified=(1778.89, 2925.57) subpix=(1778.89, 2925.57) d_cv=7.61577 d_cs=7.61577 d_cr=7.61577 refine_gate=33 dir=0.998713 layout=1 Q=0.998713 reason=pass
  corner=1 pass=yes refined_valid=yes local_scale=629.411 roi_radius=31 candidate_radius=14 branch_radius=6 coarse=(2446.42, 2917.63) verified=(2440.42, 2907.63) subpix=(2440.42, 2907.63) d_cv=11.6619 d_cs=11.6619 d_cr=11.6619 refine_gate=31 dir=0.99981 layout=1 Q=0.99981 reason=pass
  corner=2 pass=yes refined_valid=yes local_scale=629.411 roi_radius=31 candidate_radius=14 branch_radius=6 coarse=(2439.56, 2288.26) verified=(2425.56, 2288.26) subpix=(2425.56, 2288.26) d_cv=14 d_cs=14 d_cr=14 refine_gate=31 dir=0.999521 layout=1 Q=0.999521 reason=pass
  corner=3 pass=yes refined_valid=yes local_scale=636.669 roi_radius=32 candidate_radius=14 branch_radius=6 coarse=(1803.42, 2262.28) verified=(1795.42, 2272.28) subpix=(1795.42, 2272.28) d_cv=12.8062 d_cs=12.8062 d_cr=12.8062 refine_gate=32 dir=0.900126 layout=1 Q=0.900126 reason=pass

Internal corner debug
  id=26 type=l_corner valid=no image_valid=yes predicted=(2048.11, 2802.87) refined=(2059.97, 2796.63) q_refine=0 template_quality=0.497769 gradient_quality=0.497202 final_quality=0 image_template_quality=0.996699 image_gradient_quality=0.499965 image_centering_quality=0.497944 image_final_quality=0.497944
  id=27 type=l_corner valid=no image_valid=yes predicted=(2115.56, 2802.56) refined=(2125.19, 2797.87) q_refine=0 template_quality=0.497807 gradient_quality=0.495689 final_quality=0 image_template_quality=0.999105 image_gradient_quality=0.498402 image_centering_quality=0.498634 image_final_quality=0.498402
  id=29 type=l_corner valid=no image_valid=yes predicted=(2248.5, 2799.34) refined=(2258.51, 2795.58) q_refine=0 template_quality=0.497941 gradient_quality=0.496533 final_quality=0 image_template_quality=0.996706 image_gradient_quality=0.499994 image_centering_quality=0.496918 image_final_quality=0.496918
  id=30 type=l_corner valid=no image_valid=yes predicted=(2313.45, 2796.52) refined=(2321.48, 2794.72) q_refine=0 template_quality=0.498334 gradient_quality=0.497671 final_quality=0 image_template_quality=0.996491 image_gradient_quality=0.499978 image_centering_quality=0.497909 image_final_quality=0.497909
  id=35 type=l_corner valid=no image_valid=yes predicted=(1911.68, 2734.78) refined=(1925.84, 2727.75) q_refine=0 template_quality=0.498079 gradient_quality=0.496158 final_quality=0 image_template_quality=0.996694 image_gradient_quality=0.499976 image_centering_quality=0.496604 image_final_quality=0.496604
  id=36 type=l_corner valid=no image_valid=yes predicted=(1979.29, 2736.45) refined=(1991.33, 2730.64) q_refine=0 template_quality=0.496709 gradient_quality=0.493418 final_quality=0 image_template_quality=0.902383 image_gradient_quality=0.509313 image_centering_quality=0.485609 image_final_quality=0.485609
  id=38 type=l_corner valid=no image_valid=yes predicted=(2114.32, 2737.32) refined=(2124.87, 2732.63) q_refine=0 template_quality=0.49601 gradient_quality=0.49202 final_quality=0 image_template_quality=0.897535 image_gradient_quality=0.512435 image_centering_quality=0.480172 image_final_quality=0.480172
  id=39 type=l_corner valid=no image_valid=yes predicted=(2181.14, 2736.57) refined=(2191.52, 2732.94) q_refine=0 template_quality=0.499383 gradient_quality=0.498766 final_quality=0 image_template_quality=0.908788 image_gradient_quality=0.516041 image_centering_quality=0.482852 image_final_quality=0.482852
  id=46 type=l_corner valid=no image_valid=yes predicted=(1911.21, 2668.24) refined=(1925.34, 2662.73) q_refine=0 template_quality=0.498526 gradient_quality=0.497053 final_quality=0 image_template_quality=0.99329 image_gradient_quality=0.499554 image_centering_quality=0.497897 image_final_quality=0.497897
  id=47 type=x_corner valid=no image_valid=yes predicted=(1978.64, 2670.06) refined=(1992.33, 2664.74) q_refine=0 template_quality=0.989982 gradient_quality=0.979965 final_quality=0 image_template_quality=0.998887 image_gradient_quality=0.997773 image_centering_quality=0.492692 image_final_quality=0.492692
  id=48 type=l_corner valid=no image_valid=yes predicted=(2046.12, 2671.16) refined=(2058.33, 2667.16) q_refine=0 template_quality=0.482303 gradient_quality=0.490012 final_quality=0 image_template_quality=0.949784 image_gradient_quality=0.57443 image_centering_quality=0.42806 image_final_quality=0.42806
  id=49 type=l_corner valid=no image_valid=yes predicted=(2113.33, 2671.54) refined=(2126.24, 2666.71) q_refine=0 template_quality=0.502057 gradient_quality=0.504113 final_quality=0 image_template_quality=0.934206 image_gradient_quality=0.578843 image_centering_quality=0.433788 image_final_quality=0.433788
  id=50 type=l_corner valid=no image_valid=yes predicted=(2179.99, 2671.23) refined=(2190.74, 2668.86) q_refine=0 template_quality=0.496564 gradient_quality=0.493128 final_quality=0 image_template_quality=0.991917 image_gradient_quality=0.499885 image_centering_quality=0.49455 image_final_quality=0.49455
  id=51 type=l_corner valid=no image_valid=yes predicted=(2245.82, 2670.24) refined=(2257.08, 2667.87) q_refine=0 template_quality=0.500569 gradient_quality=0.501139 final_quality=0 image_template_quality=0.996105 image_gradient_quality=0.501453 image_centering_quality=0.499359 image_final_quality=0.499359
  id=52 type=l_corner valid=no image_valid=yes predicted=(2310.56, 2668.61) refined=(2320.5, 2668.34) q_refine=0 template_quality=0.498231 gradient_quality=0.496463 final_quality=0 image_template_quality=0.976502 image_gradient_quality=0.499543 image_centering_quality=0.497791 image_final_quality=0.497791
  id=57 type=l_corner valid=no image_valid=yes predicted=(1911.3, 2601.43) refined=(1927.71, 2595.07) q_refine=0 template_quality=0.494275 gradient_quality=0.494275 final_quality=0 image_template_quality=0.989636 image_gradient_quality=0.499972 image_centering_quality=0.49543 image_final_quality=0.49543
  id=58 type=l_corner valid=no image_valid=yes predicted=(1978.46, 2603.41) refined=(1992.08, 2598.99) q_refine=0 template_quality=0.4796 gradient_quality=0.491582 final_quality=0 image_template_quality=0.97626 image_gradient_quality=0.499994 image_centering_quality=0.494058 image_final_quality=0.494058
  id=60 type=l_corner valid=no image_valid=yes predicted=(2112.6, 2605.49) refined=(2125.75, 2601.06) q_refine=0 template_quality=0.492131 gradient_quality=0.484261 final_quality=0 image_template_quality=0.953471 image_gradient_quality=0.567184 image_centering_quality=0.429477 image_final_quality=0.429477
  id=61 type=l_corner valid=no image_valid=yes predicted=(2179, 2605.62) refined=(2191.67, 2602.29) q_refine=0 template_quality=0.495426 gradient_quality=0.497775 final_quality=0 image_template_quality=0.901952 image_gradient_quality=0.499994 image_centering_quality=0.49753 image_final_quality=0.49753
  id=68 type=l_corner valid=no image_valid=yes predicted=(1911.94, 2534.67) refined=(1927.57, 2529.92) q_refine=0 template_quality=0.49906 gradient_quality=0.498121 final_quality=0 image_template_quality=0.988688 image_gradient_quality=0.500132 image_centering_quality=0.498623 image_final_quality=0.498623
  id=69 type=l_corner valid=no image_valid=yes predicted=(1978.73, 2536.79) refined=(1994.43, 2532.47) q_refine=0 template_quality=0.49054 gradient_quality=0.48108 final_quality=0 image_template_quality=0.986066 image_gradient_quality=0.5 image_centering_quality=0.484813 image_final_quality=0.484813
  id=70 type=l_corner valid=no image_valid=yes predicted=(2045.55, 2538.39) refined=(2061.01, 2533.37) q_refine=0 template_quality=0.501998 gradient_quality=0.503997 final_quality=0 image_template_quality=0.991943 image_gradient_quality=0.513472 image_centering_quality=0.487997 image_final_quality=0.487997
  id=71 type=l_corner valid=no image_valid=yes predicted=(2112.13, 2539.47) refined=(2126.97, 2535.99) q_refine=0 template_quality=0.501693 gradient_quality=0.503386 final_quality=0 image_template_quality=0.912003 image_gradient_quality=0.645767 image_centering_quality=0.386494 image_final_quality=0.386494
  id=72 type=l_corner valid=no image_valid=yes predicted=(2178.17, 2540.04) refined=(2191.8, 2536.48) q_refine=0 template_quality=0.491046 gradient_quality=0.491898 final_quality=0 image_template_quality=0.936415 image_gradient_quality=0.610792 image_centering_quality=0.404432 image_final_quality=0.404432
  id=74 type=l_corner valid=no image_valid=yes predicted=(2307.57, 2539.71) refined=(2320.82, 2537.97) q_refine=0 template_quality=0.497309 gradient_quality=0.499301 final_quality=0 image_template_quality=0.996859 image_gradient_quality=0.499989 image_centering_quality=0.76232 image_final_quality=0.499989
  id=79 type=l_corner valid=no image_valid=yes predicted=(1913.12, 2468.23) refined=(1931.08, 2462.58) q_refine=0 template_quality=0.495316 gradient_quality=0.495562 final_quality=0 image_template_quality=0.992858 image_gradient_quality=0.499945 image_centering_quality=0.49569 image_final_quality=0.49569
  id=80 type=l_corner valid=no image_valid=yes predicted=(1979.44, 2470.49) refined=(1994.66, 2466.7) q_refine=0 template_quality=0.4931 gradient_quality=0.486201 final_quality=0 image_template_quality=0.946199 image_gradient_quality=0.558099 image_centering_quality=0.43781 image_final_quality=0.43781
  id=84 type=l_corner valid=no image_valid=yes predicted=(2242.31, 2475.35) refined=(2257.99, 2472.22) q_refine=0 template_quality=0.496029 gradient_quality=0.492058 final_quality=0 image_template_quality=0.994224 image_gradient_quality=0.495554 image_centering_quality=0.498436 image_final_quality=0.495554
  id=85 type=l_corner valid=no image_valid=yes predicted=(2306.06, 2475.56) refined=(2319.66, 2475.23) q_refine=0 template_quality=0.497254 gradient_quality=0.494507 final_quality=0 image_template_quality=0.997415 image_gradient_quality=0.496892 image_centering_quality=0.499076 image_final_quality=0.496892
  id=90 type=l_corner valid=no image_valid=yes predicted=(1914.82, 2402.41) refined=(1931.7, 2398.3) q_refine=0 template_quality=0.501973 gradient_quality=0.503947 final_quality=0 image_template_quality=0.998097 image_gradient_quality=0.503793 image_centering_quality=0.499252 image_final_quality=0.499252
  id=92 type=l_corner valid=no image_valid=yes predicted=(2046.39, 2406.88) refined=(2061.93, 2404.31) q_refine=0 template_quality=0.497149 gradient_quality=0.494298 final_quality=0 image_template_quality=0.995211 image_gradient_quality=0.499989 image_centering_quality=0.620856 image_final_quality=0.499989
  id=93 type=l_corner valid=no image_valid=yes predicted=(2111.96, 2408.63) refined=(2127.96, 2405.15) q_refine=0 template_quality=0.500527 gradient_quality=0.501055 final_quality=0 image_template_quality=0.995482 image_gradient_quality=0.501717 image_centering_quality=0.498895 image_final_quality=0.498895
  id=95 type=l_corner valid=no image_valid=yes predicted=(2241.29, 2411.16) refined=(2255.93, 2410.18) q_refine=0 template_quality=0.497643 gradient_quality=0.495285 final_quality=0 image_template_quality=0.996574 image_gradient_quality=0.499995 image_centering_quality=0.496022 image_final_quality=0.496022

Internal summary
  total internal points: 33
  legacy valid internal points: 0
  image-evidence internal points: 33
  avg q_refine: 0
  avg legacy template_quality: 0.511283
  avg legacy gradient_quality: 0.51024
  avg legacy final_quality: 0
  avg image template_quality: 0.972256
  avg image gradient_quality: 0.532754
  avg image centering_quality: 0.492969
  avg image final_quality: 0.481197
  avg predicted->refined displacement: 14.0137
  LCorner valid: 0/32
  XCorner valid: 0/1
