Apriltag internal config
  target_type: apriltag_internal
  tagFamily: t36h11
  tagId: 1
  tagSize: 0.15625
  blackBorderBits: 2
  minVisiblePoints: 12
  internal_projection_mode: virtual_pinhole_patch

Outer wrapper scale plan
  original longest-side: 4512
  scale mode: scale_divisors
  divisor -> target: /1.00->4512, /1.50->3008, /2.00->2256, /2.50->1805, /3.50->1289, /4.50->1003, /6.00->752, /8.00->564, /12.00->376
  attempted target longest-sides: [4512, 3008, 2256, 1805, 1289, 1003, 752, 564, 376]

Outer wrapper per-scale debug
  scale longest-side=4512 divisor=1 factor=1 size=4512x4512 raw=0 matching=0 accepted=0 refined_success=0 fused=no
  scale longest-side=3008 divisor=1.5 factor=0.666667 size=3008x3008 raw=1 matching=1 accepted=1 refined_success=1 fused=yes
  scale longest-side=2256 divisor=2 factor=0.5 size=2256x2256 raw=1 matching=1 accepted=1 refined_success=0 fused=yes
  scale longest-side=1805 divisor=2.5 factor=0.400044 size=1805x1805 raw=1 matching=1 accepted=1 refined_success=0 fused=yes
  scale longest-side=1289 divisor=3.5 factor=0.285683 size=1289x1289 raw=1 matching=1 accepted=1 refined_success=0 fused=yes
  scale longest-side=1003 divisor=4.5 factor=0.222296 size=1003x1003 raw=1 matching=1 accepted=1 refined_success=0 fused=yes
  scale longest-side=752 divisor=6 factor=0.166667 size=752x752 raw=1 matching=1 accepted=1 refined_success=0 fused=yes
  scale longest-side=564 divisor=8 factor=0.125 size=564x564 raw=1 matching=1 accepted=1 refined_success=0 fused=yes
  scale longest-side=376 divisor=12 factor=0.0833333 size=376x376 raw=1 matching=1 accepted=1 refined_success=0 fused=yes

Detection summary
  tag detected: yes
  valid observation: no
  outer wrapper success: yes
  outer failure reason: None
  outer scale mode: scale_divisors
  outer chosen/reference scale: 3008
  outer used corner fusion: yes
  outer quality: 0.619827
  projection mode: virtual_pinhole_patch
  expected visible points: 37
  valid points: 0
  valid internal points: 0
  output image: /Users/linzhaoxian/lzx-ws/project/calibr/tartancalib/result/detect_batch_20260416_160015/image1-1_detected_20260416_1600.png
  canonical view image: /Users/linzhaoxian/lzx-ws/project/calibr/tartancalib/result/detect_batch_20260416_160015/image1-1_apriltag_internal_canonical_20260416_1600.png

Outer corner multi-scale fusion debug
  corner=0 scales=8 inliers=6 outliers=2 reject=yes stable=no avg_before=2.34985 max_before=6.16012 avg_after=1.2498 max_after=2.9636 threshold=3.59677 consensus=(1714.31, 2590.6) fused=(1714.34, 2590.7)
    observations: [3008 (1719.29, 2591.88) dc=5.14045 df=5.08775 outlier] [2256 (1715.35, 2591.6) dc=1.44465 df=1.35427 inlier] [1805 (1715.11, 2591.41) dc=1.13907 df=1.04737 inlier] [1289 (1714.61, 2590.89) dc=0.416162 df=0.328474 inlier] [1003 (1714.01, 2590.31) dc=0.416075 df=0.51071 inlier] [752 (1713.39, 2589.82) dc=1.2051 df=1.29438 inlier] [564 (1712.05, 2588.82) dc=2.8772 df=2.9636 inlier] [376 (1709.55, 2586.68) dc=6.16012 df=6.24757 outlier]
  corner=1 scales=8 inliers=7 outliers=1 reject=yes stable=no avg_before=1.7482 max_before=5.1337 avg_after=1.23128 max_after=3.20442 threshold=3.22664 consensus=(2362.25, 2586.07) fused=(2362.62, 2586.34)
    observations: [3008 (2363.45, 2587.19) dc=1.64666 df=1.1912 inlier] [2256 (2363.25, 2586.97) dc=1.34718 df=0.890508 inlier] [1805 (2363.09, 2586.73) dc=1.06676 df=0.60756 inlier] [1289 (2362.5, 2586.3) dc=0.342993 df=0.122842 inlier] [1003 (2361.99, 2585.84) dc=0.342993 df=0.80165 inlier] [752 (2361.44, 2584.98) dc=1.35611 df=1.80081 inlier] [564 (2360.3, 2584.13) dc=2.74919 df=3.20442 inlier] [376 (2358.43, 2582.63) dc=5.1337 df=5.59122 outlier]
  corner=2 scales=8 inliers=7 outliers=1 reject=yes stable=no avg_before=1.85606 max_before=5.56559 avg_after=1.28931 max_after=3.50846 threshold=3.24061 consensus=(2359.18, 1957.07) fused=(2359.45, 1957.42)
    observations: [3008 (2360.36, 1958.37) dc=1.75969 df=1.31434 inlier] [2256 (2360.07, 1958.09) dc=1.35436 df=0.908411 inlier] [1805 (2359.84, 1957.83) dc=1.01211 df=0.566245 inlier] [1289 (2359.43, 1957.32) dc=0.357272 df=0.103232 inlier] [1003 (2358.92, 1956.82) dc=0.357012 df=0.8023 inlier] [752 (2358.23, 1956.07) dc=1.37687 df=1.82222 inlier] [564 (2356.96, 1954.95) dc=3.0656 df=3.50846 inlier] [376 (2355.48, 1952.91) dc=5.56559 df=6.01169 outlier]
  corner=3 scales=8 inliers=6 outliers=2 reject=yes stable=yes avg_before=2.62076 max_before=6.74812 avg_after=1.33507 max_after=2.94721 threshold=4.1055 consensus=(1728.98, 1938.48) fused=(1729.73, 1938.57)
    observations: [3008 (1722.35, 1939.75) dc=6.74812 df=7.47217 outlier] [2256 (1730.85, 1939.63) dc=2.19554 df=1.54361 inlier] [1805 (1730.43, 1939.36) dc=1.69223 df=1.05413 inlier] [1289 (1729.94, 1938.78) dc=1.00436 df=0.298732 inlier] [1003 (1729.39, 1938.18) dc=0.510184 df=0.520754 inlier] [752 (1728.57, 1937.4) dc=1.15412 df=1.64598 inlier] [564 (1727.65, 1936.48) dc=2.40102 df=2.94721 inlier] [376 (1725.82, 1934.28) dc=5.26053 df=5.80872 outlier]

Outer corner verification debug
  corner=0 pass=yes refined_valid=yes local_scale=648.294 roi_radius=32 candidate_radius=14 branch_radius=6 coarse=(1714.34, 2590.7) verified=(1712.34, 2578.7) subpix=(1712.34, 2578.7) d_cv=12.1655 d_cs=12.1655 d_cr=12.1655 refine_gate=32 dir=0.997511 layout=1 Q=0.997511 reason=pass
  corner=1 pass=yes refined_valid=yes local_scale=628.93 roi_radius=31 candidate_radius=14 branch_radius=6 coarse=(2362.62, 2586.34) verified=(2364.62, 2592.34) subpix=(2362.14, 2593.33) d_cv=6.32456 d_cs=7.00667 d_cr=7.00667 refine_gate=31 dir=0.999716 layout=1 Q=0.999716 reason=pass
  corner=2 pass=yes refined_valid=yes local_scale=628.93 roi_radius=31 candidate_radius=14 branch_radius=6 coarse=(2359.45, 1957.42) verified=(2353.45, 1965.42) subpix=(2353.45, 1965.42) d_cv=10 d_cs=10 d_cr=10 refine_gate=31 dir=0.999168 layout=1 Q=0.999168 reason=pass
  corner=3 pass=yes refined_valid=yes local_scale=630 roi_radius=32 candidate_radius=14 branch_radius=6 coarse=(1729.73, 1938.57) verified=(1727.73, 1950.57) subpix=(1727.73, 1950.57) d_cv=12.1655 d_cs=12.1655 d_cr=12.1655 refine_gate=32 dir=0.999613 layout=1 Q=0.999613 reason=pass

Internal corner debug
  id=26 type=l_corner valid=no image_valid=yes predicted=(1964.79, 2464.37) refined=(1978.59, 2461.19) q_refine=0 template_quality=0.497568 gradient_quality=0.496931 final_quality=0 image_template_quality=0.995936 image_gradient_quality=0.499994 image_centering_quality=0.497667 image_final_quality=0.497667
  id=27 type=l_corner valid=no image_valid=yes predicted=(2030.33, 2465.43) refined=(2043.21, 2461.43) q_refine=0 template_quality=0.496953 gradient_quality=0.499405 final_quality=0 image_template_quality=0.997313 image_gradient_quality=0.499994 image_centering_quality=0.701376 image_final_quality=0.499994
  id=29 type=l_corner valid=no image_valid=yes predicted=(2161.96, 2466.37) refined=(2174.34, 2461.05) q_refine=0 template_quality=0.497833 gradient_quality=0.498856 final_quality=0 image_template_quality=0.997481 image_gradient_quality=0.499989 image_centering_quality=0.498431 image_final_quality=0.498431
  id=30 type=l_corner valid=no image_valid=yes predicted=(2227.49, 2466.26) refined=(2237.63, 2460.38) q_refine=0 template_quality=0.497761 gradient_quality=0.498507 final_quality=0 image_template_quality=0.997548 image_gradient_quality=0.499995 image_centering_quality=0.498261 image_final_quality=0.498261
  id=35 type=l_corner valid=no image_valid=yes predicted=(1835.77, 2395.69) refined=(1847.93, 2394.25) q_refine=0 template_quality=0.497307 gradient_quality=0.494615 final_quality=0 image_template_quality=0.990596 image_gradient_quality=0.498532 image_centering_quality=0.496661 image_final_quality=0.496661
  id=36 type=l_corner valid=no image_valid=yes predicted=(1899.9, 2397.32) refined=(1911.99, 2394.98) q_refine=0 template_quality=0.497393 gradient_quality=0.497703 final_quality=0 image_template_quality=0.995379 image_gradient_quality=0.499994 image_centering_quality=0.498306 image_final_quality=0.498306
  id=38 type=l_corner valid=no image_valid=yes predicted=(2030.34, 2399.72) refined=(2043.64, 2395.99) q_refine=0 template_quality=0.489879 gradient_quality=0.479758 final_quality=0 image_template_quality=0.966143 image_gradient_quality=0.49995 image_centering_quality=0.482679 image_final_quality=0.482679
  id=39 type=l_corner valid=no image_valid=yes predicted=(2096.13, 2400.48) refined=(2108.56, 2395.88) q_refine=0 template_quality=0.496998 gradient_quality=0.498209 final_quality=0 image_template_quality=0.994835 image_gradient_quality=0.499995 image_centering_quality=0.498202 image_final_quality=0.498202
  id=46 type=l_corner valid=no image_valid=yes predicted=(1836.53, 2330.14) refined=(1848.14, 2328.89) q_refine=0 template_quality=0.500692 gradient_quality=0.501384 final_quality=0 image_template_quality=0.996096 image_gradient_quality=0.501835 image_centering_quality=0.961404 image_final_quality=0.501835
  id=47 type=x_corner valid=no image_valid=yes predicted=(1900.53, 2331.57) refined=(1912.94, 2329.17) q_refine=0 template_quality=0.984054 gradient_quality=0.968108 final_quality=0 image_template_quality=0.993232 image_gradient_quality=0.986465 image_centering_quality=0.493144 image_final_quality=0.493144
  id=48 type=l_corner valid=no image_valid=yes predicted=(1965.35, 2332.82) refined=(1978.23, 2329.92) q_refine=0 template_quality=0.479343 gradient_quality=0.480151 final_quality=0 image_template_quality=0.961876 image_gradient_quality=0.542393 image_centering_quality=0.444218 image_final_quality=0.444218
  id=49 type=l_corner valid=no image_valid=yes predicted=(2030.73, 2333.87) refined=(2043.56, 2330.55) q_refine=0 template_quality=0.504201 gradient_quality=0.508401 final_quality=0 image_template_quality=0.943255 image_gradient_quality=0.581937 image_centering_quality=0.438933 image_final_quality=0.438933
  id=50 type=l_corner valid=no image_valid=yes predicted=(2096.38, 2334.72) refined=(2108.8, 2331.46) q_refine=0 template_quality=0.497361 gradient_quality=0.494723 final_quality=0 image_template_quality=0.996524 image_gradient_quality=0.499617 image_centering_quality=0.496469 image_final_quality=0.496469
  id=51 type=l_corner valid=no image_valid=yes predicted=(2162.04, 2335.36) refined=(2174.01, 2331.9) q_refine=0 template_quality=0.501339 gradient_quality=0.502678 final_quality=0 image_template_quality=0.998026 image_gradient_quality=0.503531 image_centering_quality=0.498838 image_final_quality=0.498838
  id=52 type=l_corner valid=no image_valid=yes predicted=(2227.42, 2335.79) refined=(2237.42, 2332.31) q_refine=0 template_quality=0.498296 gradient_quality=0.496592 final_quality=0 image_template_quality=0.997149 image_gradient_quality=0.499995 image_centering_quality=0.497101 image_final_quality=0.497101
  id=57 type=l_corner valid=no image_valid=yes predicted=(1837.91, 2264.73) refined=(1849.14, 2262.38) q_refine=0 template_quality=0.49733 gradient_quality=0.49466 final_quality=0 image_template_quality=0.992404 image_gradient_quality=0.499825 image_centering_quality=0.495475 image_final_quality=0.495475
  id=58 type=l_corner valid=no image_valid=yes predicted=(1901.71, 2265.98) refined=(1913.7, 2263.43) q_refine=0 template_quality=0.489772 gradient_quality=0.484944 final_quality=0 image_template_quality=0.990129 image_gradient_quality=0.499973 image_centering_quality=0.484574 image_final_quality=0.484574
  id=60 type=l_corner valid=no image_valid=yes predicted=(2031.47, 2268.17) refined=(2044.07, 2264.95) q_refine=0 template_quality=0.494772 gradient_quality=0.496652 final_quality=0 image_template_quality=0.954942 image_gradient_quality=0.577627 image_centering_quality=0.432678 image_final_quality=0.432678
  id=61 type=l_corner valid=no image_valid=yes predicted=(2096.91, 2269.1) refined=(2109.01, 2265.13) q_refine=0 template_quality=0.495362 gradient_quality=0.499519 final_quality=0 image_template_quality=0.995426 image_gradient_quality=0.5 image_centering_quality=0.577709 image_final_quality=0.5
  id=68 type=l_corner valid=no image_valid=yes predicted=(1839.9, 2199.75) refined=(1850.35, 2197.79) q_refine=0 template_quality=0.49963 gradient_quality=0.499261 final_quality=0 image_template_quality=0.995217 image_gradient_quality=0.5 image_centering_quality=0.499381 image_final_quality=0.499381
  id=69 type=l_corner valid=no image_valid=yes predicted=(1903.41, 2200.81) refined=(1914.96, 2197.82) q_refine=0 template_quality=0.497198 gradient_quality=0.498227 final_quality=0 image_template_quality=0.996701 image_gradient_quality=0.5 image_centering_quality=0.4995 image_final_quality=0.4995
  id=70 type=l_corner valid=no image_valid=yes predicted=(1967.72, 2201.85) refined=(1979.78, 2198.68) q_refine=0 template_quality=0.498827 gradient_quality=0.498775 final_quality=0 image_template_quality=0.996692 image_gradient_quality=0.504761 image_centering_quality=0.494135 image_final_quality=0.494135
  id=71 type=l_corner valid=no image_valid=yes predicted=(2032.57, 2202.88) refined=(2044.93, 2199.63) q_refine=0 template_quality=0.499982 gradient_quality=0.499965 final_quality=0 image_template_quality=0.904789 image_gradient_quality=0.669737 image_centering_quality=0.371599 image_final_quality=0.371599
  id=72 type=l_corner valid=no image_valid=yes predicted=(2097.7, 2203.9) refined=(2109.96, 2200.75) q_refine=0 template_quality=0.498805 gradient_quality=0.49761 final_quality=0 image_template_quality=0.946732 image_gradient_quality=0.595266 image_centering_quality=0.417641 image_final_quality=0.417641
  id=74 type=l_corner valid=no image_valid=yes predicted=(2227.68, 2205.87) refined=(2237.55, 2202.69) q_refine=0 template_quality=0.496812 gradient_quality=0.498626 final_quality=0 image_template_quality=0.996693 image_gradient_quality=0.499995 image_centering_quality=0.4987 image_final_quality=0.4987
  id=79 type=l_corner valid=no image_valid=yes predicted=(1842.47, 2135.45) refined=(1852.47, 2131.82) q_refine=0 template_quality=0.49638 gradient_quality=0.4945 final_quality=0 image_template_quality=0.995279 image_gradient_quality=0.499967 image_centering_quality=0.495366 image_final_quality=0.495366
  id=80 type=l_corner valid=no image_valid=yes predicted=(1905.62, 2136.32) refined=(1916.65, 2132.93) q_refine=0 template_quality=0.49866 gradient_quality=0.497319 final_quality=0 image_template_quality=0.941804 image_gradient_quality=0.580146 image_centering_quality=0.4295 image_final_quality=0.4295
  id=84 type=l_corner valid=no image_valid=yes predicted=(2163.47, 2140.55) refined=(2174.67, 2138.04) q_refine=0 template_quality=0.491051 gradient_quality=0.491839 final_quality=0 image_template_quality=0.984228 image_gradient_quality=0.499979 image_centering_quality=0.492195 image_final_quality=0.492195
  id=85 type=l_corner valid=no image_valid=yes predicted=(2227.93, 2141.78) refined=(2237.66, 2139.87) q_refine=0 template_quality=0.497223 gradient_quality=0.494447 final_quality=0 image_template_quality=0.996657 image_gradient_quality=0.496272 image_centering_quality=0.499011 image_final_quality=0.496272
  id=90 type=l_corner valid=no image_valid=yes predicted=(1845.6, 2072.07) refined=(1854.9, 2068.67) q_refine=0 template_quality=0.50123 gradient_quality=0.502461 final_quality=0 image_template_quality=0.998106 image_gradient_quality=0.503253 image_centering_quality=0.498682 image_final_quality=0.498682
  id=92 type=l_corner valid=no image_valid=yes predicted=(1971.79, 2073.62) refined=(1982.63, 2070.61) q_refine=0 template_quality=0.496925 gradient_quality=0.49385 final_quality=0 image_template_quality=0.994384 image_gradient_quality=0.499984 image_centering_quality=0.495013 image_final_quality=0.495013
  id=93 type=l_corner valid=no image_valid=yes predicted=(2035.78, 2074.64) refined=(2047.53, 2071.84) q_refine=0 template_quality=0.501017 gradient_quality=0.502035 final_quality=0 image_template_quality=0.995337 image_gradient_quality=0.502715 image_centering_quality=0.499166 image_final_quality=0.499166
  id=95 type=l_corner valid=no image_valid=yes predicted=(2164.27, 2077.14) refined=(2174.59, 2075.36) q_refine=0 template_quality=0.49725 gradient_quality=0.4945 final_quality=0 image_template_quality=0.989472 image_gradient_quality=0.499825 image_centering_quality=0.495794 image_final_quality=0.495794

Internal summary
  total internal points: 33
  legacy valid internal points: 0
  image-evidence internal points: 33
  avg q_refine: 0
  avg legacy template_quality: 0.511673
  avg legacy gradient_quality: 0.510764
  avg legacy final_quality: 0
  avg image template_quality: 0.984436
  avg image gradient_quality: 0.531622
  avg image centering_quality: 0.505388
  avg image final_quality: 0.482922
  avg predicted->refined displacement: 12.0833
  LCorner valid: 0/32
  XCorner valid: 0/1
