Apriltag internal config
  target_type: apriltag_internal
  tagFamily: t36h11
  tagId: 1
  tagSize: 0.15625
  blackBorderBits: 2
  minVisiblePoints: 12
  internal_projection_mode: virtual_pinhole_patch

Outer refinement chain
  chain: C-S
  outer_subpix: on

Outer wrapper scale plan
  original longest-side: 4512
  scale mode: scale_divisors
  divisor -> target: /1.00->4512, /1.50->3008, /2.00->2256, /2.50->1805, /3.50->1289, /4.50->1003, /6.00->752, /8.00->564, /12.00->376
  attempted target longest-sides: [4512, 3008, 2256, 1805, 1289, 1003, 752, 564, 376]

Outer wrapper per-scale debug
  scale longest-side=4512 divisor=1 factor=1 size=4512x4512 raw=0 matching=0 accepted=0 refined_success=0 fused=no
  scale longest-side=3008 divisor=1.5 factor=0.666667 size=3008x3008 raw=1 matching=1 accepted=1 refined_success=1 fused=yes
  scale longest-side=2256 divisor=2 factor=0.5 size=2256x2256 raw=1 matching=1 accepted=1 refined_success=0 fused=yes
  scale longest-side=1805 divisor=2.5 factor=0.400044 size=1805x1805 raw=1 matching=1 accepted=1 refined_success=0 fused=yes
  scale longest-side=1289 divisor=3.5 factor=0.285683 size=1289x1289 raw=1 matching=1 accepted=1 refined_success=0 fused=yes
  scale longest-side=1003 divisor=4.5 factor=0.222296 size=1003x1003 raw=1 matching=1 accepted=1 refined_success=0 fused=yes
  scale longest-side=752 divisor=6 factor=0.166667 size=752x752 raw=1 matching=1 accepted=1 refined_success=0 fused=yes
  scale longest-side=564 divisor=8 factor=0.125 size=564x564 raw=1 matching=1 accepted=1 refined_success=0 fused=yes
  scale longest-side=376 divisor=12 factor=0.0833333 size=376x376 raw=1 matching=1 accepted=1 refined_success=0 fused=yes

Detection summary
  tag detected: yes
  valid observation: yes
  outer wrapper success: yes
  outer failure reason: None
  outer scale mode: scale_divisors
  outer chosen/reference scale: 3008
  outer used corner fusion: yes
  outer quality: 0.710594
  projection mode: virtual_pinhole_patch
  expected visible points: 37
  valid points: 29
  valid internal points: 29
  output image: /Users/linzhaoxian/lzx-ws/project/calibr/tartancalib/result/detect_batch_cs_20260416_160937/image1-1_detected_20260416_1609.png
  canonical view image: /Users/linzhaoxian/lzx-ws/project/calibr/tartancalib/image/img_seq/image1-1_apriltag_internal_canonical_20260416_1609.png

Outer corner multi-scale fusion debug
  corner=0 scales=8 inliers=6 outliers=2 reject=yes stable=no avg_before=2.34985 max_before=6.16012 avg_after=1.2498 max_after=2.9636 threshold=3.59677 consensus=(1714.31, 2590.6) fused=(1714.34, 2590.7)
    observations: [3008 (1719.29, 2591.88) dc=5.14045 df=5.08775 outlier] [2256 (1715.35, 2591.6) dc=1.44465 df=1.35427 inlier] [1805 (1715.11, 2591.41) dc=1.13907 df=1.04737 inlier] [1289 (1714.61, 2590.89) dc=0.416162 df=0.328474 inlier] [1003 (1714.01, 2590.31) dc=0.416075 df=0.51071 inlier] [752 (1713.39, 2589.82) dc=1.2051 df=1.29438 inlier] [564 (1712.05, 2588.82) dc=2.8772 df=2.9636 inlier] [376 (1709.55, 2586.68) dc=6.16012 df=6.24757 outlier]
  corner=1 scales=8 inliers=7 outliers=1 reject=yes stable=no avg_before=1.7482 max_before=5.1337 avg_after=1.23128 max_after=3.20442 threshold=3.22664 consensus=(2362.25, 2586.07) fused=(2362.62, 2586.34)
    observations: [3008 (2363.45, 2587.19) dc=1.64666 df=1.1912 inlier] [2256 (2363.25, 2586.97) dc=1.34718 df=0.890508 inlier] [1805 (2363.09, 2586.73) dc=1.06676 df=0.60756 inlier] [1289 (2362.5, 2586.3) dc=0.342993 df=0.122842 inlier] [1003 (2361.99, 2585.84) dc=0.342993 df=0.80165 inlier] [752 (2361.44, 2584.98) dc=1.35611 df=1.80081 inlier] [564 (2360.3, 2584.13) dc=2.74919 df=3.20442 inlier] [376 (2358.43, 2582.63) dc=5.1337 df=5.59122 outlier]
  corner=2 scales=8 inliers=7 outliers=1 reject=yes stable=no avg_before=1.85606 max_before=5.56559 avg_after=1.28931 max_after=3.50846 threshold=3.24061 consensus=(2359.18, 1957.07) fused=(2359.45, 1957.42)
    observations: [3008 (2360.36, 1958.37) dc=1.75969 df=1.31434 inlier] [2256 (2360.07, 1958.09) dc=1.35436 df=0.908411 inlier] [1805 (2359.84, 1957.83) dc=1.01211 df=0.566245 inlier] [1289 (2359.43, 1957.32) dc=0.357272 df=0.103232 inlier] [1003 (2358.92, 1956.82) dc=0.357012 df=0.8023 inlier] [752 (2358.23, 1956.07) dc=1.37687 df=1.82222 inlier] [564 (2356.96, 1954.95) dc=3.0656 df=3.50846 inlier] [376 (2355.48, 1952.91) dc=5.56559 df=6.01169 outlier]
  corner=3 scales=8 inliers=6 outliers=2 reject=yes stable=yes avg_before=2.62076 max_before=6.74812 avg_after=1.33507 max_after=2.94721 threshold=4.1055 consensus=(1728.98, 1938.48) fused=(1729.73, 1938.57)
    observations: [3008 (1722.35, 1939.75) dc=6.74812 df=7.47217 outlier] [2256 (1730.85, 1939.63) dc=2.19554 df=1.54361 inlier] [1805 (1730.43, 1939.36) dc=1.69223 df=1.05413 inlier] [1289 (1729.94, 1938.78) dc=1.00436 df=0.298732 inlier] [1003 (1729.39, 1938.18) dc=0.510184 df=0.520754 inlier] [752 (1728.57, 1937.4) dc=1.15412 df=1.64598 inlier] [564 (1727.65, 1936.48) dc=2.40102 df=2.94721 inlier] [376 (1725.82, 1934.28) dc=5.26053 df=5.80872 outlier]

Outer corner refinement debug
  corner=0 chain=C-S pass=yes refined_valid=yes local_scale=648.294 roi_radius=32 candidate_radius=14 branch_radius=6 coarse=(1714.34, 2590.7) verified=(1714.34, 2590.7) subpix=(1714.34, 2590.7) d_cv=0 d_cs=0 d_cr=0 refine_gate=32 dir=1 layout=1 Q=1 reason=disabled_cs_mode
  corner=1 chain=C-S pass=yes refined_valid=yes local_scale=628.93 roi_radius=31 candidate_radius=14 branch_radius=6 coarse=(2362.62, 2586.34) verified=(2362.62, 2586.34) subpix=(2362.31, 2584.03) d_cv=0 d_cs=2.333 d_cr=1.90853 refine_gate=31 dir=1 layout=1 Q=1 reason=disabled_cs_mode
  corner=2 chain=C-S pass=yes refined_valid=yes local_scale=628.93 roi_radius=31 candidate_radius=14 branch_radius=6 coarse=(2359.45, 1957.42) verified=(2359.45, 1957.42) subpix=(2359.13, 1962.38) d_cv=0 d_cs=4.96954 d_cr=4.51066 refine_gate=31 dir=1 layout=1 Q=1 reason=disabled_cs_mode
  corner=3 chain=C-S pass=yes refined_valid=yes local_scale=630 roi_radius=32 candidate_radius=14 branch_radius=6 coarse=(1729.73, 1938.57) verified=(1729.73, 1938.57) subpix=(1737.1, 1944.18) d_cv=0 d_cs=9.26098 d_cr=9.26098 refine_gate=32 dir=1 layout=1 Q=1 reason=disabled_cs_mode

Internal corner debug
  id=26 type=l_corner valid=no image_valid=yes predicted=(1974.03, 2463.92) refined=(1978.51, 2461.22) q_refine=0.240223 template_quality=0.497471 gradient_quality=0.496816 final_quality=0.240223 image_template_quality=0.995965 image_gradient_quality=0.499994 image_centering_quality=0.497632 image_final_quality=0.497632
  id=27 type=l_corner valid=yes image_valid=yes predicted=(2040.17, 2464.43) refined=(2043.36, 2461.3) q_refine=0.445575 template_quality=0.497203 gradient_quality=0.499105 final_quality=0.445575 image_template_quality=0.997365 image_gradient_quality=0.5 image_centering_quality=0.616896 image_final_quality=0.5
  id=29 type=l_corner valid=yes image_valid=yes predicted=(2171.78, 2464.26) refined=(2174.36, 2460.92) q_refine=0.504271 template_quality=0.497901 gradient_quality=0.49941 final_quality=0.497901 image_template_quality=0.997755 image_gradient_quality=0.499995 image_centering_quality=0.607955 image_final_quality=0.499995
  id=30 type=l_corner valid=yes image_valid=yes predicted=(2236.71, 2463.61) refined=(2237.59, 2460.41) q_refine=0.693661 template_quality=0.498351 gradient_quality=0.49823 final_quality=0.49823 image_template_quality=0.998279 image_gradient_quality=0.499989 image_centering_quality=0.498276 image_final_quality=0.498276
  id=35 type=l_corner valid=no image_valid=yes predicted=(1842.46, 2395.34) refined=(1847.92, 2394.19) q_refine=0.133862 template_quality=0.497412 gradient_quality=0.494825 final_quality=0.133862 image_template_quality=0.990194 image_gradient_quality=0.498543 image_centering_quality=0.496491 image_final_quality=0.496491
  id=36 type=l_corner valid=yes image_valid=yes predicted=(1907.93, 2396.64) refined=(1912.26, 2394.86) q_refine=0.389107 template_quality=0.497042 gradient_quality=0.497663 final_quality=0.389107 image_template_quality=0.997352 image_gradient_quality=0.498388 image_centering_quality=0.941153 image_final_quality=0.498388
  id=38 type=l_corner valid=yes image_valid=yes predicted=(2039.91, 2398.35) refined=(2043.69, 2396.3) q_refine=0.487057 template_quality=0.489125 gradient_quality=0.47825 final_quality=0.47825 image_template_quality=0.964991 image_gradient_quality=0.499973 image_centering_quality=0.482134 image_final_quality=0.482134
  id=39 type=l_corner valid=yes image_valid=yes predicted=(2105.86, 2398.75) refined=(2108.51, 2395.97) q_refine=0.5903 template_quality=0.49624 gradient_quality=0.498076 final_quality=0.49624 image_template_quality=0.997851 image_gradient_quality=0.503517 image_centering_quality=0.494653 image_final_quality=0.494653
  id=46 type=l_corner valid=no image_valid=yes predicted=(1843.04, 2328.9) refined=(1848.23, 2328.91) q_refine=0.250734 template_quality=0.500579 gradient_quality=0.501158 final_quality=0.250734 image_template_quality=0.995658 image_gradient_quality=0.501757 image_centering_quality=0.951561 image_final_quality=0.501757
  id=47 type=x_corner valid=yes image_valid=yes predicted=(1908.35, 2330.2) refined=(1912.97, 2329.51) q_refine=0.394081 template_quality=0.983197 gradient_quality=0.966393 final_quality=0.394081 image_template_quality=0.990183 image_gradient_quality=0.980367 image_centering_quality=0.496093 image_final_quality=0.496093
  id=48 type=l_corner valid=yes image_valid=yes predicted=(1974.1, 2331.31) refined=(1978.14, 2329.82) q_refine=0.486379 template_quality=0.478593 gradient_quality=0.478455 final_quality=0.478455 image_template_quality=0.962022 image_gradient_quality=0.542004 image_centering_quality=0.444853 image_final_quality=0.444853
  id=49 type=l_corner valid=yes image_valid=yes predicted=(2040.02, 2332.2) refined=(2043.71, 2330.52) q_refine=0.541619 template_quality=0.505568 gradient_quality=0.511135 final_quality=0.505568 image_template_quality=0.942817 image_gradient_quality=0.58227 image_centering_quality=0.438719 image_final_quality=0.438719
  id=50 type=l_corner valid=yes image_valid=yes predicted=(2105.81, 2332.89) refined=(2108.79, 2331.36) q_refine=0.688239 template_quality=0.497275 gradient_quality=0.494551 final_quality=0.494551 image_template_quality=0.960485 image_gradient_quality=0.499565 image_centering_quality=0.496521 image_final_quality=0.496521
  id=51 type=l_corner valid=yes image_valid=yes predicted=(2171.19, 2333.37) refined=(2174.02, 2331.67) q_refine=0.698287 template_quality=0.501672 gradient_quality=0.503344 final_quality=0.501672 image_template_quality=0.998127 image_gradient_quality=0.503603 image_centering_quality=0.498735 image_final_quality=0.498735
  id=52 type=l_corner valid=yes image_valid=yes predicted=(2235.91, 2333.65) refined=(2237.33, 2331.96) q_refine=0.865279 template_quality=0.498362 gradient_quality=0.496725 final_quality=0.496725 image_template_quality=0.997084 image_gradient_quality=0.5 image_centering_quality=0.497097 image_final_quality=0.497097
  id=57 type=l_corner valid=no image_valid=yes predicted=(1844.26, 2262.68) refined=(1849.19, 2262.26) q_refine=0.31917 template_quality=0.497367 gradient_quality=0.494734 final_quality=0.31917 image_template_quality=0.992315 image_gradient_quality=0.499743 image_centering_quality=0.495418 image_final_quality=0.495418
  id=58 type=l_corner valid=yes image_valid=yes predicted=(1909.32, 2263.98) refined=(1913.57, 2263.17) q_refine=0.479905 template_quality=0.489146 gradient_quality=0.483408 final_quality=0.479905 image_template_quality=0.990112 image_gradient_quality=0.499989 image_centering_quality=0.484616 image_final_quality=0.484616
  id=60 type=l_corner valid=yes image_valid=yes predicted=(2040.47, 2266.26) refined=(2044.26, 2264.92) q_refine=0.551553 template_quality=0.495605 gradient_quality=0.495985 final_quality=0.495605 image_template_quality=0.954917 image_gradient_quality=0.577669 image_centering_quality=0.432646 image_final_quality=0.432646
  id=61 type=l_corner valid=yes image_valid=yes predicted=(2106.01, 2267.23) refined=(2108.99, 2265.26) q_refine=0.645187 template_quality=0.495514 gradient_quality=0.499141 final_quality=0.495514 image_template_quality=0.996119 image_gradient_quality=0.5 image_centering_quality=0.906216 image_final_quality=0.5
  id=68 type=l_corner valid=yes image_valid=yes predicted=(1846.09, 2196.97) refined=(1850.65, 2197.45) q_refine=0.415526 template_quality=0.499456 gradient_quality=0.498911 final_quality=0.415526 image_template_quality=0.993392 image_gradient_quality=0.499811 image_centering_quality=0.499645 image_final_quality=0.499645
  id=69 type=l_corner valid=yes image_valid=yes predicted=(1910.81, 2198.26) refined=(1914.88, 2197.82) q_refine=0.534829 template_quality=0.497304 gradient_quality=0.499574 final_quality=0.497304 image_template_quality=0.996702 image_gradient_quality=0.5 image_centering_quality=0.4995 image_final_quality=0.4995
  id=70 type=l_corner valid=yes image_valid=yes predicted=(1975.97, 2199.55) refined=(1979.6, 2198.7) q_refine=0.613324 template_quality=0.499072 gradient_quality=0.498144 final_quality=0.498144 image_template_quality=0.996432 image_gradient_quality=0.504791 image_centering_quality=0.494073 image_final_quality=0.494073
  id=71 type=l_corner valid=yes image_valid=yes predicted=(2041.28, 2200.81) refined=(2044.98, 2199.85) q_refine=0.593441 template_quality=0.499912 gradient_quality=0.499824 final_quality=0.499824 image_template_quality=0.904789 image_gradient_quality=0.669737 image_centering_quality=0.371599 image_final_quality=0.371599
  id=72 type=l_corner valid=yes image_valid=yes predicted=(2106.47, 2202.06) refined=(2109.88, 2200.83) q_refine=0.633753 template_quality=0.499567 gradient_quality=0.499135 final_quality=0.499135 image_template_quality=0.946732 image_gradient_quality=0.595266 image_centering_quality=0.417641 image_final_quality=0.417641
  id=74 type=l_corner valid=yes image_valid=yes predicted=(2235.4, 2204.47) refined=(2237.7, 2202.73) q_refine=0.768862 template_quality=0.496897 gradient_quality=0.498448 final_quality=0.496897 image_template_quality=0.996612 image_gradient_quality=0.499978 image_centering_quality=0.498786 image_final_quality=0.498786
  id=79 type=l_corner valid=yes image_valid=yes predicted=(1848.51, 2132.01) refined=(1852.64, 2132.03) q_refine=0.524256 template_quality=0.496472 gradient_quality=0.495307 final_quality=0.495307 image_template_quality=0.995314 image_gradient_quality=0.499994 image_centering_quality=0.495405 image_final_quality=0.495405
  id=80 type=l_corner valid=yes image_valid=yes predicted=(1912.81, 2133.31) refined=(1916.53, 2132.97) q_refine=0.61268 template_quality=0.499148 gradient_quality=0.498296 final_quality=0.498296 image_template_quality=0.941037 image_gradient_quality=0.578177 image_centering_quality=0.430737 image_final_quality=0.430737
  id=84 type=l_corner valid=yes image_valid=yes predicted=(2171.53, 2139.21) refined=(2174.7, 2138.32) q_refine=0.698521 template_quality=0.490547 gradient_quality=0.492227 final_quality=0.490547 image_template_quality=0.961228 image_gradient_quality=0.499949 image_centering_quality=0.491848 image_final_quality=0.491848
  id=85 type=l_corner valid=yes image_valid=yes predicted=(2235.25, 2140.83) refined=(2237.74, 2140.04) q_refine=0.811026 template_quality=0.4971 gradient_quality=0.494199 final_quality=0.494199 image_template_quality=0.93005 image_gradient_quality=0.497066 image_centering_quality=0.498323 image_final_quality=0.497066
  id=90 type=l_corner valid=yes image_valid=yes predicted=(1851.48, 2068.08) refined=(1855.16, 2068.7) q_refine=0.612623 template_quality=0.501177 gradient_quality=0.502354 final_quality=0.501177 image_template_quality=0.998074 image_gradient_quality=0.50344 image_centering_quality=0.498648 image_final_quality=0.498648
  id=92 type=l_corner valid=yes image_valid=yes predicted=(1979.5, 2070.83) refined=(1982.43, 2070.68) q_refine=0.761252 template_quality=0.497218 gradient_quality=0.494435 final_quality=0.494435 image_template_quality=0.994128 image_gradient_quality=0.499989 image_centering_quality=0.49487 image_final_quality=0.49487
  id=93 type=l_corner valid=yes image_valid=yes predicted=(2043.86, 2072.44) refined=(2047.54, 2072.02) q_refine=0.618117 template_quality=0.501161 gradient_quality=0.502321 final_quality=0.501161 image_template_quality=0.995335 image_gradient_quality=0.502833 image_centering_quality=0.499152 image_final_quality=0.499152
  id=95 type=l_corner valid=yes image_valid=yes predicted=(2171.95, 2076.12) refined=(2174.54, 2075.4) q_refine=0.799535 template_quality=0.497216 gradient_quality=0.494432 final_quality=0.494432 image_template_quality=0.923024 image_gradient_quality=0.499955 image_centering_quality=0.495662 image_final_quality=0.495662

Internal summary
  total internal points: 33
  legacy valid internal points: 29
  image-evidence internal points: 33
  avg q_refine: 0.557643
  avg legacy template_quality: 0.511693
  avg legacy gradient_quality: 0.510758
  avg legacy final_quality: 0.453568
  avg image template_quality: 0.978559
  avg image gradient_quality: 0.531465
  avg image centering_quality: 0.529199
  avg image final_quality: 0.48299
  avg predicted->refined displacement: 3.91471
  LCorner valid: 28/32
  XCorner valid: 1/1
